{"name": "test_finalizar_compra", "status": "failed", "statusDetails": {"message": "AssertionError: assert 'Detalles de pago' in '<html lang=\"es\"><head>\\n\\n    <meta charset=\"utf-8\">\\n\\n    <meta name=\"viewport\" content=\"width=device-width, initia...<script src=\"asset/js/producto.js\"></script>\\n\\n    <script src=\"asset/js/menu.js\"></script>\\n\\n\\n\\n\\n\\n</body></html>'\n +  where '<html lang=\"es\"><head>\\n\\n    <meta charset=\"utf-8\">\\n\\n    <meta name=\"viewport\" content=\"width=device-width, initia...<script src=\"asset/js/producto.js\"></script>\\n\\n    <script src=\"asset/js/menu.js\"></script>\\n\\n\\n\\n\\n\\n</body></html>' = <selenium.webdriver.chrome.webdriver.WebDriver (session=\"264a04830da9ad574c5843f635d36008\")>.page_source", "trace": "driver = <selenium.webdriver.chrome.webdriver.WebDriver (session=\"264a04830da9ad574c5843f635d36008\")>\n\n    def test_finalizar_compra(driver):\n        driver.get(\"http://localhost/logincopia/detalles.php?id=5&token=3b7501b0de9320d755dce29fbfce137a2e7eec78\")\n    \n        driver.find_element(By.XPATH, \"//*[@id='5']\").click()\n        driver.find_element(By.XPATH, \"//*[@id='carrito-productos']/div/div[2]/p/button[2]\").click()\n        driver.find_element(By.XPATH, \"//*[@id='carrito-acciones-comprar']\").click()\n    \n>       assert \"Detalles de pago\" in driver.page_source\nE       assert 'Detalles de pago' in '<html lang=\"es\"><head>\\n\\n    <meta charset=\"utf-8\">\\n\\n    <meta name=\"viewport\" content=\"width=device-width, initia...<script src=\"asset/js/producto.js\"></script>\\n\\n    <script src=\"asset/js/menu.js\"></script>\\n\\n\\n\\n\\n\\n</body></html>'\nE        +  where '<html lang=\"es\"><head>\\n\\n    <meta charset=\"utf-8\">\\n\\n    <meta name=\"viewport\" content=\"width=device-width, initia...<script src=\"asset/js/producto.js\"></script>\\n\\n    <script src=\"asset/js/menu.js\"></script>\\n\\n\\n\\n\\n\\n</body></html>' = <selenium.webdriver.chrome.webdriver.WebDriver (session=\"264a04830da9ad574c5843f635d36008\")>.page_source\n\ntest\\test_carrito.py:33: AssertionError"}, "start": 1745030568747, "stop": 1745030578829, "uuid": "fff93fae-5480-4c30-a392-3fe826238823", "historyId": "ff528bce3400c1cccdcd01194ae3efde", "testCaseId": "ff528bce3400c1cccdcd01194ae3efde", "fullName": "test.test_carrito#test_finalizar_compra", "labels": [{"name": "parentSuite", "value": "test"}, {"name": "suite", "value": "test_carrito"}, {"name": "host", "value": "DESKTOP-F0KBOHF"}, {"name": "thread", "value": "11872-MainThread"}, {"name": "framework", "value": "pytest"}, {"name": "language", "value": "cpython3"}, {"name": "package", "value": "test.test_carrito"}]}