{"name": "test_admin_login_exitoso", "status": "failed", "statusDetails": {"message": "AssertionError: El texto de bienvenida no está presente en la página\nassert 'Dashboard' in '<html lang=\"es\"><head>\\n    <meta charset=\"utf-8\">\\n    <meta http-equiv=\"X-UA-Compatible\" content=\"IE=edge\">\\n    <m...   <script src=\"https://use.fontawesome.com/releases/v6.3.0/js/all.js\" crossorigin=\"anonymous\"></script></head></html>'\n +  where '<html lang=\"es\"><head>\\n    <meta charset=\"utf-8\">\\n    <meta http-equiv=\"X-UA-Compatible\" content=\"IE=edge\">\\n    <m...   <script src=\"https://use.fontawesome.com/releases/v6.3.0/js/all.js\" crossorigin=\"anonymous\"></script></head></html>' = <selenium.webdriver.chrome.webdriver.WebDriver (session=\"2807e6f0e6dd7dc960bf927fc747e8c8\")>.page_source", "trace": "driver = <selenium.webdriver.chrome.webdriver.WebDriver (session=\"2807e6f0e6dd7dc960bf927fc747e8c8\")>\n\n    def test_admin_login_exitoso(driver):\n        driver.get(\"http://localhost/login/admin/\")\n        driver.find_element(By.ID, \"usuario\").send_keys(\"admin\")\n        driver.find_element(By.ID, \"password\").send_keys(\"admin\")\n        driver.find_element(By.XPATH, \"//button[@type='submit']\").click()\n>       assert \"Dashboard\" in driver.page_source, \"El texto de bienvenida no está presente en la página\"\nE       AssertionError: El texto de bienvenida no está presente en la página\nE       assert 'Dashboard' in '<html lang=\"es\"><head>\\n    <meta charset=\"utf-8\">\\n    <meta http-equiv=\"X-UA-Compatible\" content=\"IE=edge\">\\n    <m...   <script src=\"https://use.fontawesome.com/releases/v6.3.0/js/all.js\" crossorigin=\"anonymous\"></script></head></html>'\nE        +  where '<html lang=\"es\"><head>\\n    <meta charset=\"utf-8\">\\n    <meta http-equiv=\"X-UA-Compatible\" content=\"IE=edge\">\\n    <m...   <script src=\"https://use.fontawesome.com/releases/v6.3.0/js/all.js\" crossorigin=\"anonymous\"></script></head></html>' = <selenium.webdriver.chrome.webdriver.WebDriver (session=\"2807e6f0e6dd7dc960bf927fc747e8c8\")>.page_source\n\ntest\\test_admin_login.py:8: AssertionError"}, "start": 1745030458147, "stop": 1745030477485, "uuid": "98359e08-27a3-4f1f-bd53-94a064ae805a", "historyId": "5914e4f23be3ef9b0e4d43a311e5998e", "testCaseId": "5914e4f23be3ef9b0e4d43a311e5998e", "fullName": "test.test_admin_login#test_admin_login_exitoso", "labels": [{"name": "parentSuite", "value": "test"}, {"name": "suite", "value": "test_admin_login"}, {"name": "host", "value": "DESKTOP-F0KBOHF"}, {"name": "thread", "value": "11872-MainThread"}, {"name": "framework", "value": "pytest"}, {"name": "language", "value": "cpython3"}, {"name": "package", "value": "test.test_admin_login"}]}